=/pretest.json
{
  _: [],
  f: [
    '/home/runner/work/exp-bubble-sort-iiith/exp-bubble-sort-iiith/experiment/pretest.json'
  ],
  files: [
    '/home/runner/work/exp-bubble-sort-iiith/exp-bubble-sort-iiith/experiment/pretest.json'
  ],
  c: 'assessment',
  contentTypes: 'assessment',
  'content-types': 'assessment',
  '$0': 'validate'
}
Validated true
=/bubble-sort/bubble-sort-quiz.json
{
  _: [],
  f: [
    '/home/runner/work/exp-bubble-sort-iiith/exp-bubble-sort-iiith/experiment/bubble-sort/bubble-sort-quiz.json'
  ],
  files: [
    '/home/runner/work/exp-bubble-sort-iiith/exp-bubble-sort-iiith/experiment/bubble-sort/bubble-sort-quiz.json'
  ],
  c: 'assessment',
  contentTypes: 'assessment',
  'content-types': 'assessment',
  '$0': 'validate'
}
Validated true
=/optimized-bubblesort/opt-bs-quiz.json
{
  _: [],
  f: [
    '/home/runner/work/exp-bubble-sort-iiith/exp-bubble-sort-iiith/experiment/optimized-bubblesort/opt-bs-quiz.json'
  ],
  files: [
    '/home/runner/work/exp-bubble-sort-iiith/exp-bubble-sort-iiith/experiment/optimized-bubblesort/opt-bs-quiz.json'
  ],
  c: 'assessment',
  contentTypes: 'assessment',
  'content-types': 'assessment',
  '$0': 'validate'
}
Validated true
=/analysis/analysis-quiz.json
{
  _: [],
  f: [
    '/home/runner/work/exp-bubble-sort-iiith/exp-bubble-sort-iiith/experiment/analysis/analysis-quiz.json'
  ],
  files: [
    '/home/runner/work/exp-bubble-sort-iiith/exp-bubble-sort-iiith/experiment/analysis/analysis-quiz.json'
  ],
  c: 'assessment',
  contentTypes: 'assessment',
  'content-types': 'assessment',
  '$0': 'validate'
}
Validated true
=/posttest.json
{
  _: [],
  f: [
    '/home/runner/work/exp-bubble-sort-iiith/exp-bubble-sort-iiith/experiment/posttest.json'
  ],
  files: [
    '/home/runner/work/exp-bubble-sort-iiith/exp-bubble-sort-iiith/experiment/posttest.json'
  ],
  c: 'assessment',
  contentTypes: 'assessment',
  'content-types': 'assessment',
  '$0': 'validate'
}
Validated true
