
/home/runner/work/exp-bubble-sort-iiith/exp-bubble-sort-iiith/experiment/analysis/simulation/js/bubble_time.js
   18:4   warning  Unnecessary semicolon                    no-extra-semi
   19:2   warning  Unnecessary semicolon                    no-extra-semi
   28:2   warning  Unnecessary semicolon                    no-extra-semi
   37:4   warning  Unnecessary semicolon                    no-extra-semi
   65:16  warning  'i' is already defined                   no-redeclare
   70:11  warning  'ran' is already defined                 no-redeclare
   72:16  warning  'i' is already defined                   no-redeclare
   76:11  warning  'i' is already defined                   no-redeclare
   87:2   warning  Unnecessary semicolon                    no-extra-semi
  102:2   warning  Unnecessary semicolon                    no-extra-semi
  124:2   warning  Unnecessary semicolon                    no-extra-semi
  134:2   warning  Unnecessary semicolon                    no-extra-semi
  139:10  warning  'opti_bubble' is defined but never used  no-unused-vars
  172:2   warning  Unnecessary semicolon                    no-extra-semi
  190:2   warning  Unnecessary semicolon                    no-extra-semi
  204:2   warning  Unnecessary semicolon                    no-extra-semi
  246:2   warning  Unnecessary semicolon                    no-extra-semi
  261:2   warning  Unnecessary semicolon                    no-extra-semi
  265:2   warning  Unnecessary semicolon                    no-extra-semi
  268:2   warning  Unnecessary semicolon                    no-extra-semi

/home/runner/work/exp-bubble-sort-iiith/exp-bubble-sort-iiith/experiment/bubble-sort/simulation/js/bubble_demo.js
   16:4   warning  Unnecessary semicolon               no-extra-semi
   17:2   warning  Unnecessary semicolon               no-extra-semi
   24:2   warning  Unnecessary semicolon               no-extra-semi
   32:6   warning  Unnecessary semicolon               no-extra-semi
   50:2   warning  Unnecessary semicolon               no-extra-semi
   65:2   warning  Unnecessary semicolon               no-extra-semi
   85:2   warning  Unnecessary semicolon               no-extra-semi
   94:2   warning  Unnecessary semicolon               no-extra-semi
   96:10  warning  'bubble' is defined but never used  no-unused-vars
  126:2   warning  Unnecessary semicolon               no-extra-semi
  145:2   warning  Unnecessary semicolon               no-extra-semi
  159:2   warning  Unnecessary semicolon               no-extra-semi
  197:2   warning  Unnecessary semicolon               no-extra-semi
  201:2   warning  Unnecessary semicolon               no-extra-semi

/home/runner/work/exp-bubble-sort-iiith/exp-bubble-sort-iiith/experiment/bubble-sort/simulation/js/bubble_exercise.js
   19:4   warning  Unnecessary semicolon               no-extra-semi
   20:2   warning  Unnecessary semicolon               no-extra-semi
   27:2   warning  Unnecessary semicolon               no-extra-semi
   34:6   warning  Unnecessary semicolon               no-extra-semi
   49:2   warning  Unnecessary semicolon               no-extra-semi
   64:2   warning  Unnecessary semicolon               no-extra-semi
   79:2   warning  Unnecessary semicolon               no-extra-semi
   83:10  warning  'bubble' is defined but never used  no-unused-vars
   97:2   warning  Unnecessary semicolon               no-extra-semi
  105:2   warning  Unnecessary semicolon               no-extra-semi
  120:2   warning  Unnecessary semicolon               no-extra-semi
  155:2   warning  Unnecessary semicolon               no-extra-semi
  187:2   warning  Unnecessary semicolon               no-extra-semi
  214:2   warning  Unnecessary semicolon               no-extra-semi
  217:2   warning  Unnecessary semicolon               no-extra-semi

/home/runner/work/exp-bubble-sort-iiith/exp-bubble-sort-iiith/experiment/bubble-sort/simulation/js/bubble_practice.js
  84:10  warning  'bubble' is defined but never used  no-unused-vars

/home/runner/work/exp-bubble-sort-iiith/exp-bubble-sort-iiith/experiment/optimized-bubblesort/simulation/js/optibubble_demo.js
  140:10  warning  'opti_bubble' is defined but never used  no-unused-vars

/home/runner/work/exp-bubble-sort-iiith/exp-bubble-sort-iiith/experiment/optimized-bubblesort/simulation/js/optibubble_exercise.js
   53:12  warning  'i' is already defined                   no-redeclare
  118:10  warning  'opti_bubble' is defined but never used  no-unused-vars

/home/runner/work/exp-bubble-sort-iiith/exp-bubble-sort-iiith/experiment/optimized-bubblesort/simulation/js/optibubble_practice.js
   16:4   warning  Unnecessary semicolon                    no-extra-semi
   17:2   warning  Unnecessary semicolon                    no-extra-semi
   25:2   warning  Unnecessary semicolon                    no-extra-semi
   31:4   warning  Unnecessary semicolon                    no-extra-semi
   46:2   warning  Unnecessary semicolon                    no-extra-semi
   68:2   warning  Unnecessary semicolon                    no-extra-semi
   81:2   warning  Unnecessary semicolon                    no-extra-semi
   84:10  warning  'opti_bubble' is defined but never used  no-unused-vars
  110:2   warning  Unnecessary semicolon                    no-extra-semi
  123:2   warning  Unnecessary semicolon                    no-extra-semi
  135:2   warning  Unnecessary semicolon                    no-extra-semi
  160:2   warning  Unnecessary semicolon                    no-extra-semi
  163:2   warning  Unnecessary semicolon                    no-extra-semi

✖ 66 problems (0 errors, 66 warnings)
  0 errors and 54 warnings potentially fixable with the `--fix` option.

