code-assessment.html     http://outreach.vlabs.ac.in/
feedback.html     http://outreach.vlabs.ac.in/
further-reading-and-references.html     http://outreach.vlabs.ac.in/
index.html     http://outreach.vlabs.ac.in/
overview.html     http://outreach.vlabs.ac.in/
performance-report.html     http://vlab.co.in
posttest.html     http://outreach.vlabs.ac.in/
pretest.html     http://outreach.vlabs.ac.in/
recap.html     http://outreach.vlabs.ac.in/
validator-report.html     http://vlab.co.in
analysis/analysis-quiz.html     http://outreach.vlabs.ac.in/
analysis/comparison-with-other-algorithms.html     http://outreach.vlabs.ac.in/
analysis/index.html     http://outreach.vlabs.ac.in/
analysis/overview.html     http://outreach.vlabs.ac.in/
analysis/stability-of-bubble-sort.html     http://outreach.vlabs.ac.in/
analysis/time-and-space-complexity-of-bubble-sort.html     http://outreach.vlabs.ac.in/
bubble-sort/basic-concept.html     http://outreach.vlabs.ac.in/
bubble-sort/bsalgo.html     http://outreach.vlabs.ac.in/
bubble-sort/bubble-sort-quiz.html     http://outreach.vlabs.ac.in/
bubble-sort/index.html     http://outreach.vlabs.ac.in/
optimized-bubblesort/index.html     http://outreach.vlabs.ac.in/
optimized-bubblesort/opt-bs-quiz.html     http://outreach.vlabs.ac.in/
optimized-bubblesort/optimization-technique.html     http://outreach.vlabs.ac.in/
